<?xml version="1.0" encoding="UTF-8" ?>
<testsuite errors="0" failures="0" hostname="Voila" name="test.core.LSBAlgorithmTest" skipped="0" tests="7" time="0.009" timestamp="2013-12-13T12:56:13">
  <properties>
[...]
</properties>
  <testcase classname="test.core.LSBAlgorithmTest" name="testStegoObjectRate" time="0.0" />
  <testcase classname="test.core.LSBAlgorithmTest" name="testhasHiddenMessage" time="0.001" />
  <testcase classname="test.core.LSBAlgorithmTest" name="testGetStegoObject" time="0.001" />
  <testcase classname="test.core.LSBAlgorithmTest" name="testGetEmbeddedData" time="0.0" />
  <testcase classname="test.core.LSBAlgorithmTest" name="testhasNotHiddenMessageLengthTooBig" time="0.0" />
  <testcase classname="test.core.LSBAlgorithmTest" name="testhasNotHiddenMessageLengthTooSmall" time="0.0" />
  <testcase classname="test.core.LSBAlgorithmTest" name="testhasNotHiddenMessageLength0" time="0.001" />
  <system-out><![CDATA[]]></system-out>
  <system-err><![CDATA[]]></system-err>
</testsuite>
